frontend/android/app/build/intermediates/manifest_merge_blame_file/debug/manifest-merger-blame-debug-report.txt
1<?xml version="1.0" encoding="utf-8"?>
2<manifest xmlns:android="http://schemas.android.com/apk/res/android"
3    package="com.whattoeat.penx"
4    android:versionCode="1"
5    android:versionName="1.0" >
6
7    <uses-sdk
8        android:minSdkVersion="24"
8-->src/main/AndroidManifest.xml
9        android:targetSdkVersion="35" />
9-->src/main/AndroidManifest.xml
10
11    <!-- Permissions -->
12
13    <uses-permission android:name="android.permission.INTERNET" />
13-->src/main/AndroidManifest.xml:40:5-67
13-->src/main/AndroidManifest.xml:40:22-64
14    <uses-permission android:name="com.android.vending.BILLING" />
14-->[:capacitor-cordova-android-plugins] AndroidManifest.xml:8:5-67
14-->[:capacitor-cordova-android-plugins] AndroidManifest.xml:8:22-64
15
16    <queries>
16-->[com.android.billingclient:billing:8.3.0] AndroidManifest.xml:12:5-19:15
17        <intent>
17-->[com.android.billingclient:billing:8.3.0] AndroidManifest.xml:13:9-15:18
18            <action android:name="com.android.vending.billing.InAppBillingService.BIND" />
18-->[com.android.billingclient:billing:8.3.0] AndroidManifest.xml:14:13-91
18-->[com.android.billingclient:billing:8.3.0] AndroidManifest.xml:14:21-88
19        </intent>
20        <intent>
20-->[com.android.billingclient:billing:8.3.0] AndroidManifest.xml:16:9-18:18
21            <action android:name="com.google.android.apps.play.billingtestcompanion.BillingOverrideService.BIND" />
21-->[com.android.billingclient:billing:8.3.0] AndroidManifest.xml:17:13-116
21-->[com.android.billingclient:billing:8.3.0] AndroidManifest.xml:17:21-113
22        </intent>
23    </queries>
24
25    <uses-permission android:name="android.permission.ACCESS_NETWORK_STATE" />
25-->[com.google.firebase:firebase-messaging:23.1.2] AndroidManifest.xml:24:5-79
25-->[com.google.firebase:firebase-messaging:23.1.2] AndroidManifest.xml:24:22-76
26    <uses-permission android:name="android.permission.POST_NOTIFICATIONS" />
26-->[com.google.firebase:firebase-messaging:23.1.2] AndroidManifest.xml:25:5-77
26-->[com.google.firebase:firebase-messaging:23.1.2] AndroidManifest.xml:25:22-74
27    <uses-permission android:name="android.permission.WAKE_LOCK" /> <!-- Required by older versions of Google Play services to create IID tokens -->
27-->[com.google.firebase:firebase-messaging:23.1.2] AndroidManifest.xml:26:5-68
27-->[com.google.firebase:firebase-messaging:23.1.2] AndroidManifest.xml:26:22-65
28    <uses-permission android:name="com.google.android.c2dm.permission.RECEIVE" />
28-->[com.google.firebase:firebase-messaging:23.1.2] AndroidManifest.xml:28:5-82
28-->[com.google.firebase:firebase-messaging:23.1.2] AndroidManifest.xml:28:22-79
29
30    <permission
30-->[androidx.core:core:1.13.1] AndroidManifest.xml:22:5-24:47
31        android:name="com.whattoeat.penx.DYNAMIC_RECEIVER_NOT_EXPORTED_PERMISSION"
31-->[androidx.core:core:1.13.1] AndroidManifest.xml:23:9-81
32        android:protectionLevel="signature" />
32-->[androidx.core:core:1.13.1] AndroidManifest.xml:24:9-44
33
34    <uses-permission android:name="com.whattoeat.penx.DYNAMIC_RECEIVER_NOT_EXPORTED_PERMISSION" />
34-->[androidx.core:core:1.13.1] AndroidManifest.xml:26:5-97
34-->[androidx.core:core:1.13.1] AndroidManifest.xml:26:22-94
35
36    <application
36-->src/main/AndroidManifest.xml:4:5-36:19
37        android:allowBackup="true"
37-->src/main/AndroidManifest.xml:5:9-35
38        android:appComponentFactory="androidx.core.app.CoreComponentFactory"
38-->[androidx.core:core:1.13.1] AndroidManifest.xml:28:18-86
39        android:debuggable="true"
40        android:extractNativeLibs="false"
41        android:icon="@mipmap/ic_launcher"
41-->src/main/AndroidManifest.xml:6:9-43
42        android:label="@string/app_name"
42-->src/main/AndroidManifest.xml:7:9-41
43        android:roundIcon="@mipmap/ic_launcher_round"
43-->src/main/AndroidManifest.xml:8:9-54
44        android:supportsRtl="true"
44-->src/main/AndroidManifest.xml:9:9-35
45        android:theme="@style/AppTheme" >
45-->src/main/AndroidManifest.xml:10:9-40
46        <activity
46-->src/main/AndroidManifest.xml:12:9-25:20
47            android:name="com.whattoeat.penx.MainActivity"
47-->src/main/AndroidManifest.xml:14:13-41
48            android:configChanges="orientation|keyboardHidden|keyboard|screenSize|locale|smallestScreenSize|screenLayout|uiMode"
48-->src/main/AndroidManifest.xml:13:13-129
49            android:exported="true"
49-->src/main/AndroidManifest.xml:18:13-36
50            android:label="@string/title_activity_main"
50-->src/main/AndroidManifest.xml:15:13-56
51            android:launchMode="singleTask"
51-->src/main/AndroidManifest.xml:17:13-44
52            android:theme="@style/AppTheme.NoActionBarLaunch" >
52-->src/main/AndroidManifest.xml:16:13-62
53            <intent-filter>
53-->src/main/AndroidManifest.xml:20:13-23:29
54                <action android:name="android.intent.action.MAIN" />
54-->src/main/AndroidManifest.xml:21:17-69
54-->src/main/AndroidManifest.xml:21:25-66
55
56                <category android:name="android.intent.category.LAUNCHER" />
56-->src/main/AndroidManifest.xml:22:17-77
56-->src/main/AndroidManifest.xml:22:27-74
57            </intent-filter>
58        </activity>
59
60        <provider
61            android:name="androidx.core.content.FileProvider"
61-->src/main/AndroidManifest.xml:28:13-62
62            android:authorities="com.whattoeat.penx.fileprovider"
62-->src/main/AndroidManifest.xml:29:13-64
63            android:exported="false"
63-->src/main/AndroidManifest.xml:30:13-37
64            android:grantUriPermissions="true" >
64-->src/main/AndroidManifest.xml:31:13-47
65            <meta-data
65-->src/main/AndroidManifest.xml:32:13-34:64
66                android:name="android.support.FILE_PROVIDER_PATHS"
66-->src/main/AndroidManifest.xml:33:17-67
67                android:resource="@xml/file_paths" />
67-->src/main/AndroidManifest.xml:34:17-51
68        </provider>
69
70        <service
70-->[:capacitor-push-notifications] AndroidManifest.xml:8:9-14:19
71            android:name="com.capacitorjs.plugins.pushnotifications.MessagingService"
71-->[:capacitor-push-notifications] AndroidManifest.xml:9:13-86
72            android:exported="false" >
72-->[:capacitor-push-notifications] AndroidManifest.xml:10:13-37
73            <intent-filter>
73-->[:capacitor-push-notifications] AndroidManifest.xml:11:13-13:29
74                <action android:name="com.google.firebase.MESSAGING_EVENT" />
74-->[:capacitor-push-notifications] AndroidManifest.xml:12:17-78
74-->[:capacitor-push-notifications] AndroidManifest.xml:12:25-75
75            </intent-filter>
76        </service>
77
78        <activity
78-->[:capawesome-capacitor-apple-sign-in] AndroidManifest.xml:10:9-13:72
79            android:name="io.capawesome.capacitorjs.plugins.applesignin.AppleSignInActivity"
79-->[:capawesome-capacitor-apple-sign-in] AndroidManifest.xml:11:13-93
80            android:exported="false"
80-->[:capawesome-capacitor-apple-sign-in] AndroidManifest.xml:12:13-37
81            android:theme="@style/Theme.AppCompat.Light.NoActionBar" />
81-->[:capawesome-capacitor-apple-sign-in] AndroidManifest.xml:13:13-69
82
83        <meta-data
83-->[com.android.billingclient:billing:8.3.0] AndroidManifest.xml:22:9-24:37
84            android:name="com.google.android.play.billingclient.version"
84-->[com.android.billingclient:billing:8.3.0] AndroidManifest.xml:23:13-73
85            android:value="8.3.0" />
85-->[com.android.billingclient:billing:8.3.0] AndroidManifest.xml:24:13-34
86
87        <activity
87-->[com.android.billingclient:billing:8.3.0] AndroidManifest.xml:26:9-30:75
88            android:name="com.android.billingclient.api.ProxyBillingActivity"
88-->[com.android.billingclient:billing:8.3.0] AndroidManifest.xml:27:13-78
89            android:configChanges="keyboard|keyboardHidden|screenLayout|screenSize|orientation"
89-->[com.android.billingclient:billing:8.3.0] AndroidManifest.xml:28:13-96
90            android:exported="false"
90-->[com.android.billingclient:billing:8.3.0] AndroidManifest.xml:29:13-37
91            android:theme="@android:style/Theme.Translucent.NoTitleBar" />
91-->[com.android.billingclient:billing:8.3.0] AndroidManifest.xml:30:13-72
92        <activity
92-->[com.android.billingclient:billing:8.3.0] AndroidManifest.xml:31:9-35:75
93            android:name="com.android.billingclient.api.ProxyBillingActivityV2"
93-->[com.android.billingclient:billing:8.3.0] AndroidManifest.xml:32:13-80
94            android:configChanges="keyboard|keyboardHidden|screenLayout|screenSize|orientation"
94-->[com.android.billingclient:billing:8.3.0] AndroidManifest.xml:33:13-96
95            android:exported="false"
95-->[com.android.billingclient:billing:8.3.0] AndroidManifest.xml:34:13-37
96            android:theme="@android:style/Theme.Translucent.NoTitleBar" />
96-->[com.android.billingclient:billing:8.3.0] AndroidManifest.xml:35:13-72
97
98        <receiver
98-->[com.google.firebase:firebase-messaging:23.1.2] AndroidManifest.xml:31:9-38:20
99            android:name="com.google.firebase.iid.FirebaseInstanceIdReceiver"
99-->[com.google.firebase:firebase-messaging:23.1.2] AndroidManifest.xml:32:13-78
100            android:exported="true"
100-->[com.google.firebase:firebase-messaging:23.1.2] AndroidManifest.xml:33:13-36
101            android:permission="com.google.android.c2dm.permission.SEND" >
101-->[com.google.firebase:firebase-messaging:23.1.2] AndroidManifest.xml:34:13-73
102            <intent-filter>
102-->[com.google.firebase:firebase-messaging:23.1.2] AndroidManifest.xml:35:13-37:29
103                <action android:name="com.google.android.c2dm.intent.RECEIVE" />
103-->[com.google.firebase:firebase-messaging:23.1.2] AndroidManifest.xml:36:17-81
103-->[com.google.firebase:firebase-messaging:23.1.2] AndroidManifest.xml:36:25-78
104            </intent-filter>
105        </receiver>
106        <!--
107             FirebaseMessagingService performs security checks at runtime,
108             but set to not exported to explicitly avoid allowing another app to call it.
109        -->
110        <service
110-->[com.google.firebase:firebase-messaging:23.1.2] AndroidManifest.xml:44:9-51:19
111            android:name="com.google.firebase.messaging.FirebaseMessagingService"
111-->[com.google.firebase:firebase-messaging:23.1.2] AndroidManifest.xml:45:13-82
112            android:directBootAware="true"
112-->[com.google.firebase:firebase-messaging:23.1.2] AndroidManifest.xml:46:13-43
113            android:exported="false" >
113-->[com.google.firebase:firebase-messaging:23.1.2] AndroidManifest.xml:47:13-37
114            <intent-filter android:priority="-500" >
114-->[:capacitor-push-notifications] AndroidManifest.xml:11:13-13:29
115                <action android:name="com.google.firebase.MESSAGING_EVENT" />
115-->[:capacitor-push-notifications] AndroidManifest.xml:12:17-78
115-->[:capacitor-push-notifications] AndroidManifest.xml:12:25-75
116            </intent-filter>
117        </service>
118        <service
118-->[com.google.firebase:firebase-messaging:23.1.2] AndroidManifest.xml:52:9-58:19
119            android:name="com.google.firebase.components.ComponentDiscoveryService"
119-->[com.google.firebase:firebase-messaging:23.1.2] AndroidManifest.xml:53:13-84
120            android:directBootAware="true"
120-->[com.google.firebase:firebase-common:20.3.1] AndroidManifest.xml:34:13-43
121            android:exported="false" >
121-->[com.google.firebase:firebase-messaging:23.1.2] AndroidManifest.xml:54:13-37
122            <meta-data
122-->[com.google.firebase:firebase-messaging:23.1.2] AndroidManifest.xml:55:13-57:85
123                android:name="com.google.firebase.components:com.google.firebase.messaging.FirebaseMessagingRegistrar"
123-->[com.google.firebase:firebase-messaging:23.1.2] AndroidManifest.xml:56:17-119
124                android:value="com.google.firebase.components.ComponentRegistrar" />
124-->[com.google.firebase:firebase-messaging:23.1.2] AndroidManifest.xml:57:17-82
125            <meta-data
125-->[com.google.firebase:firebase-datatransport:18.1.7] AndroidManifest.xml:27:13-29:85
126                android:name="com.google.firebase.components:com.google.firebase.datatransport.TransportRegistrar"
126-->[com.google.firebase:firebase-datatransport:18.1.7] AndroidManifest.xml:28:17-115
127                android:value="com.google.firebase.components.ComponentRegistrar" />
127-->[com.google.firebase:firebase-datatransport:18.1.7] AndroidManifest.xml:29:17-82
128            <meta-data
128-->[com.google.firebase:firebase-installations:17.1.3] AndroidManifest.xml:17:13-19:85
129                android:name="com.google.firebase.components:com.google.firebase.installations.FirebaseInstallationsRegistrar"
129-->[com.google.firebase:firebase-installations:17.1.3] AndroidManifest.xml:18:17-127
130                android:value="com.google.firebase.components.ComponentRegistrar" />
130-->[com.google.firebase:firebase-installations:17.1.3] AndroidManifest.xml:19:17-82
131        </service>
132
133        <activity
133-->[com.google.android.gms:play-services-base:18.5.0] AndroidManifest.xml:5:9-173
134            android:name="com.google.android.gms.common.api.GoogleApiActivity"
134-->[com.google.android.gms:play-services-base:18.5.0] AndroidManifest.xml:5:19-85
135            android:exported="false"
135-->[com.google.android.gms:play-services-base:18.5.0] AndroidManifest.xml:5:146-170
136            android:theme="@android:style/Theme.Translucent.NoTitleBar" />
136-->[com.google.android.gms:play-services-base:18.5.0] AndroidManifest.xml:5:86-145
137
138        <provider
138-->[com.google.firebase:firebase-common:20.3.1] AndroidManifest.xml:25:9-30:39
139            android:name="com.google.firebase.provider.FirebaseInitProvider"
139-->[com.google.firebase:firebase-common:20.3.1] AndroidManifest.xml:26:13-77
140            android:authorities="com.whattoeat.penx.firebaseinitprovider"
140-->[com.google.firebase:firebase-common:20.3.1] AndroidManifest.xml:27:13-72
141            android:directBootAware="true"
141-->[com.google.firebase:firebase-common:20.3.1] AndroidManifest.xml:28:13-43
142            android:exported="false"
142-->[com.google.firebase:firebase-common:20.3.1] AndroidManifest.xml:29:13-37
143            android:initOrder="100" />
143-->[com.google.firebase:firebase-common:20.3.1] AndroidManifest.xml:30:13-36
144
145        <meta-data
145-->[com.google.android.gms:play-services-basement:18.9.0] AndroidManifest.xml:21:9-23:69
146            android:name="com.google.android.gms.version"
146-->[com.google.android.gms:play-services-basement:18.9.0] AndroidManifest.xml:22:13-58
147            android:value="@integer/google_play_services_version" />
147-->[com.google.android.gms:play-services-basement:18.9.0] AndroidManifest.xml:23:13-66
148
149        <provider
149-->[androidx.emoji2:emoji2:1.3.0] AndroidManifest.xml:24:9-32:20
150            android:name="androidx.startup.InitializationProvider"
150-->[androidx.emoji2:emoji2:1.3.0] AndroidManifest.xml:25:13-67
151            android:authorities="com.whattoeat.penx.androidx-startup"
151-->[androidx.emoji2:emoji2:1.3.0] AndroidManifest.xml:26:13-68
152            android:exported="false" >
152-->[androidx.emoji2:emoji2:1.3.0] AndroidManifest.xml:27:13-37
153            <meta-data
153-->[androidx.emoji2:emoji2:1.3.0] AndroidManifest.xml:29:13-31:52
154                android:name="androidx.emoji2.text.EmojiCompatInitializer"
154-->[androidx.emoji2:emoji2:1.3.0] AndroidManifest.xml:30:17-75
155                android:value="androidx.startup" />
155-->[androidx.emoji2:emoji2:1.3.0] AndroidManifest.xml:31:17-49
156            <meta-data
156-->[androidx.lifecycle:lifecycle-process:2.6.2] AndroidManifest.xml:29:13-31:52
157                android:name="androidx.lifecycle.ProcessLifecycleInitializer"
157-->[androidx.lifecycle:lifecycle-process:2.6.2] AndroidManifest.xml:30:17-78
158                android:value="androidx.startup" />
158-->[androidx.lifecycle:lifecycle-process:2.6.2] AndroidManifest.xml:31:17-49
159            <meta-data
159-->[androidx.profileinstaller:profileinstaller:1.3.1] AndroidManifest.xml:29:13-31:52
160                android:name="androidx.profileinstaller.ProfileInstallerInitializer"
160-->[androidx.profileinstaller:profileinstaller:1.3.1] AndroidManifest.xml:30:17-85
161                android:value="androidx.startup" />
161-->[androidx.profileinstaller:profileinstaller:1.3.1] AndroidManifest.xml:31:17-49
162        </provider>
163
164        <receiver
164-->[androidx.profileinstaller:profileinstaller:1.3.1] AndroidManifest.xml:34:9-52:20
165            android:name="androidx.profileinstaller.ProfileInstallReceiver"
165-->[androidx.profileinstaller:profileinstaller:1.3.1] AndroidManifest.xml:35:13-76
166            android:directBootAware="false"
166-->[androidx.profileinstaller:profileinstaller:1.3.1] AndroidManifest.xml:36:13-44
167            android:enabled="true"
167-->[androidx.profileinstaller:profileinstaller:1.3.1] AndroidManifest.xml:37:13-35
168            android:exported="true"
168-->[androidx.profileinstaller:profileinstaller:1.3.1] AndroidManifest.xml:38:13-36
169            android:permission="android.permission.DUMP" >
169-->[androidx.profileinstaller:profileinstaller:1.3.1] AndroidManifest.xml:39:13-57
170            <intent-filter>
170-->[androidx.profileinstaller:profileinstaller:1.3.1] AndroidManifest.xml:40:13-42:29
171                <action android:name="androidx.profileinstaller.action.INSTALL_PROFILE" />
171-->[androidx.profileinstaller:profileinstaller:1.3.1] AndroidManifest.xml:41:17-91
171-->[androidx.profileinstaller:profileinstaller:1.3.1] AndroidManifest.xml:41:25-88
172            </intent-filter>
173            <intent-filter>
173-->[androidx.profileinstaller:profileinstaller:1.3.1] AndroidManifest.xml:43:13-45:29
174                <action android:name="androidx.profileinstaller.action.SKIP_FILE" />
174-->[androidx.profileinstaller:profileinstaller:1.3.1] AndroidManifest.xml:44:17-85
174-->[androidx.profileinstaller:profileinstaller:1.3.1] AndroidManifest.xml:44:25-82
175            </intent-filter>
176            <intent-filter>
176-->[androidx.profileinstaller:profileinstaller:1.3.1] AndroidManifest.xml:46:13-48:29
177                <action android:name="androidx.profileinstaller.action.SAVE_PROFILE" />
177-->[androidx.profileinstaller:profileinstaller:1.3.1] AndroidManifest.xml:47:17-88
177-->[androidx.profileinstaller:profileinstaller:1.3.1] AndroidManifest.xml:47:25-85
178            </intent-filter>
179            <intent-filter>
179-->[androidx.profileinstaller:profileinstaller:1.3.1] AndroidManifest.xml:49:13-51:29
180                <action android:name="androidx.profileinstaller.action.BENCHMARK_OPERATION" />
180-->[androidx.profileinstaller:profileinstaller:1.3.1] AndroidManifest.xml:50:17-95
180-->[androidx.profileinstaller:profileinstaller:1.3.1] AndroidManifest.xml:50:25-92
181            </intent-filter>
182        </receiver>
183
184        <service
184-->[com.google.android.datatransport:transport-backend-cct:3.1.8] AndroidManifest.xml:28:9-34:19
185            android:name="com.google.android.datatransport.runtime.backends.TransportBackendDiscovery"
185-->[com.google.android.datatransport:transport-backend-cct:3.1.8] AndroidManifest.xml:29:13-103
186            android:exported="false" >
186-->[com.google.android.datatransport:transport-backend-cct:3.1.8] AndroidManifest.xml:30:13-37
187            <meta-data
187-->[com.google.android.datatransport:transport-backend-cct:3.1.8] AndroidManifest.xml:31:13-33:39
188                android:name="backend:com.google.android.datatransport.cct.CctBackendFactory"
188-->[com.google.android.datatransport:transport-backend-cct:3.1.8] AndroidManifest.xml:32:17-94
189                android:value="cct" />
189-->[com.google.android.datatransport:transport-backend-cct:3.1.8] AndroidManifest.xml:33:17-36
190        </service>
191        <service
191-->[com.google.android.datatransport:transport-runtime:3.1.8] AndroidManifest.xml:26:9-30:19
192            android:name="com.google.android.datatransport.runtime.scheduling.jobscheduling.JobInfoSchedulerService"
192-->[com.google.android.datatransport:transport-runtime:3.1.8] AndroidManifest.xml:27:13-117
193            android:exported="false"
193-->[com.google.android.datatransport:transport-runtime:3.1.8] AndroidManifest.xml:28:13-37
194            android:permission="android.permission.BIND_JOB_SERVICE" >
194-->[com.google.android.datatransport:transport-runtime:3.1.8] AndroidManifest.xml:29:13-69
195        </service>
196
197        <receiver
197-->[com.google.android.datatransport:transport-runtime:3.1.8] AndroidManifest.xml:32:9-34:40
198            android:name="com.google.android.datatransport.runtime.scheduling.jobscheduling.AlarmManagerSchedulerBroadcastReceiver"
198-->[com.google.android.datatransport:transport-runtime:3.1.8] AndroidManifest.xml:33:13-132
199            android:exported="false" />
199-->[com.google.android.datatransport:transport-runtime:3.1.8] AndroidManifest.xml:34:13-37
200    </application>
201
202</manifest>